
**** Build of configuration Debug for project Homework_3_Temperature_Clock ****

/Applications/ti/ccsv6/utils/bin/gmake -k all 
Building file: ../main.c
Invoking: MSP430 Compiler
"/Applications/ti/ccsv6/tools/compiler/ti-cgt-msp430_4.4.6/bin/cl430" -vmspx --abi=eabi --data_model=restricted --use_hw_mpy=F5 --include_path="/Applications/ti/ccsv6/ccs_base/msp430/include" --include_path="/Applications/ti/ccsv6/tools/compiler/ti-cgt-msp430_4.4.6/include" --advice:power=all -g --define=__MSP430F5529__ --diag_warning=225 --display_error_number --diag_wrap=off --silicon_errata=CPU21 --silicon_errata=CPU22 --silicon_errata=CPU23 --silicon_errata=CPU40 --printf_support=minimal --preproc_with_compile --preproc_dependency="main.pp"  "../main.c"
"../main.c", line 73: warning #70-D: integer conversion resulted in truncation
"../main.c", line 117: remark #1528-D: (ULP 3.1) Detected flag polling using UCTXIFG. Recommend using an interrupt combined with enter LPMx and ISR
"../main.c", line 123: remark #1528-D: (ULP 3.1) Detected flag polling using UCRXIFG. Recommend using an interrupt combined with enter LPMx and ISR
"../main.c", line 168: warning #994-D: missing return statement at end of non-void function "getTemps"
"../main.c", line 148: remark #1530-D: (ULP 5.1) Detected divide operation(s). Recommend moving them to RAM during run time or not using as these are processing/power intensive
"../main.c", line 151: remark #1530-D: (ULP 5.1) Detected divide operation(s). Recommend moving them to RAM during run time or not using as these are processing/power intensive
"../main.c", line 188: remark #1544-D: (ULP 13.1) Detected loop counting up. Recommend loops count down as detecting zeros is easier
"../main.c", line 189: remark #2553-D: (ULP 14.1) Array index (involving "x") of type "int". Recommend using "unsigned int"
"../main.c", line 190: remark #2553-D: (ULP 14.1) Array index (involving "x") of type "int". Recommend using "unsigned int"
"../main.c", line 191: remark #2553-D: (ULP 14.1) Array index (involving "x") of type "int". Recommend using "unsigned int"
"../main.c", line 192: remark #2553-D: (ULP 14.1) Array index (involving "x") of type "int". Recommend using "unsigned int"
"../main.c", line 193: remark #2553-D: (ULP 14.1) Array index (involving "x") of type "int". Recommend using "unsigned int"
"../main.c", line 200: remark #1544-D: (ULP 13.1) Detected loop counting up. Recommend loops count down as detecting zeros is easier
"../main.c", line 202: remark #2553-D: (ULP 14.1) Array index (involving "x") of type "int". Recommend using "unsigned int"
"../main.c", line 202: remark #2553-D: (ULP 14.1) Array index (involving "x") of type "int". Recommend using "unsigned int"
"../main.c", line 202: remark #2553-D: (ULP 14.1) Array index (involving "x") of type "int". Recommend using "unsigned int"
"../main.c", line 207: remark #2553-D: (ULP 14.1) Array index (involving "x") of type "int". Recommend using "unsigned int"
"../main.c", line 222: remark #1544-D: (ULP 13.1) Detected loop counting up. Recommend loops count down as detecting zeros is easier
"../main.c", line 222: remark #1544-D: (ULP 13.1) Detected loop counting up. Recommend loops count down as detecting zeros is easier
"../main.c", line 235: remark #2553-D: (ULP 14.1) Array index (involving "x") of type "int". Recommend using "unsigned int"
"../main.c", line 235: remark #2553-D: (ULP 14.1) Array index (involving "x") of type "int". Recommend using "unsigned int"
"../main.c", line 235: remark #2553-D: (ULP 14.1) Array index (involving "x") of type "int". Recommend using "unsigned int"
"../main.c", line 240: remark #2553-D: (ULP 14.1) Array index (involving "x") of type "int". Recommend using "unsigned int"
"../main.c", line 253: remark #1544-D: (ULP 13.1) Detected loop counting up. Recommend loops count down as detecting zeros is easier
"../main.c", line 253: remark #1544-D: (ULP 13.1) Detected loop counting up. Recommend loops count down as detecting zeros is easier
"../main.c", line 366: remark #1538-D: (ULP 10.1) ISR Timer_A0 calls function getTemps. Recommend moving function call away from ISR, or inlining the function, or using pragmas
"../main.c", line 385: remark #1528-D: (ULP 3.1) Detected flag polling using UCTXIFG. Recommend using an interrupt combined with enter LPMx and ISR
"../main.c", line 381: warning #548-D: transfer of control bypasses initialization of:
            variable "c" (declared at line 387)
"../main.c", line 395: remark #1538-D: (ULP 10.1) ISR USCI_A1_ISR calls function useCommands. Recommend moving function call away from ISR, or inlining the function, or using pragmas
"../main.c", line 395: remark #1538-D: (ULP 10.1) ISR USCI_A1_ISR calls function useCommands. Recommend moving function call away from ISR, or inlining the function, or using pragmas
"../main.c", line 148 (col. 23): remark #1531-D: (ULP 5.2) Detected floating point operation(s). Recommend moving them to RAM during run time or not using as these are processing/power intensive
"../main.c", line 149 (col. 53): remark #1531-D: (ULP 5.2) Detected floating point operation(s). Recommend moving them to RAM during run time or not using as these are processing/power intensive
"../main.c", line 151 (col. 23): remark #1531-D: (ULP 5.2) Detected floating point operation(s). Recommend moving them to RAM during run time or not using as these are processing/power intensive
"../main.c", line 153 (col. 33): remark #1531-D: (ULP 5.2) Detected floating point operation(s). Recommend moving them to RAM during run time or not using as these are processing/power intensive
"../main.c", line 154 (col. 33): remark #1531-D: (ULP 5.2) Detected floating point operation(s). Recommend moving them to RAM during run time or not using as these are processing/power intensive
Finished building: ../main.c
 
Building target: Homework_3_Temperature_Clock.out
Invoking: MSP430 Linker
"/Applications/ti/ccsv6/tools/compiler/ti-cgt-msp430_4.4.6/bin/cl430" -vmspx --abi=eabi --data_model=restricted --use_hw_mpy=F5 --advice:power=all -g --define=__MSP430F5529__ --diag_warning=225 --display_error_number --diag_wrap=off --silicon_errata=CPU21 --silicon_errata=CPU22 --silicon_errata=CPU23 --silicon_errata=CPU40 --printf_support=minimal -z -m"Homework_3_Temperature_Clock.map" --heap_size=160 --stack_size=160 --cinit_hold_wdt=on -i"/Applications/ti/ccsv6/ccs_base/msp430/include" -i"/Applications/ti/ccsv6/ccs_base/msp430/lib/5xx_6xx_FRxx" -i"/Applications/ti/ccsv6/tools/compiler/ti-cgt-msp430_4.4.6/lib" -i"/Applications/ti/ccsv6/tools/compiler/ti-cgt-msp430_4.4.6/include" --reread_libs --warn_sections --display_error_number --diag_wrap=off --xml_link_info="Homework_3_Temperature_Clock_linkInfo.xml" --use_hw_mpy=F5 --rom_model -o "Homework_3_Temperature_Clock.out" "./main.obj" "../lnk_msp430f5529.cmd"  -l"libmath.a" -l"libc.a" 
<Linking>
remark #10372-D: (ULP 4.1) Detected uninitialized Port B in this project. Recommend initializing all unused ports to eliminate wasted current consumption on unused pins.
remark #10372-D: (ULP 4.1) Detected uninitialized Port C in this project. Recommend initializing all unused ports to eliminate wasted current consumption on unused pins.
remark #10372-D: (ULP 4.1) Detected uninitialized Port D in this project. Recommend initializing all unused ports to eliminate wasted current consumption on unused pins.
Finished building target: Homework_3_Temperature_Clock.out
 

**** Build Finished ****
