
**** Build of configuration Debug for project lab3_completeCcode ****

/Applications/ti/ccsv6/utils/bin/gmake -k all 
Building target: lab3_completeCcode.out
Invoking: MSP430 Linker
"/Applications/ti/ccsv6/tools/compiler/ti-cgt-msp430_4.4.6/bin/cl430" -vmspx --abi=eabi --data_model=restricted --use_hw_mpy=F5 --advice:power=all -g --define=__MSP430F5529__ --diag_warning=225 --display_error_number --diag_wrap=off --silicon_errata=CPU21 --silicon_errata=CPU22 --silicon_errata=CPU23 --silicon_errata=CPU40 --printf_support=minimal -z -m"lab3_completeCcode.map" --heap_size=160 --stack_size=160 --cinit_hold_wdt=on -i"/Applications/ti/ccsv6/ccs_base/msp430/include" -i"/Applications/ti/ccsv6/ccs_base/msp430/lib/5xx_6xx_FRxx" -i"/Applications/ti/ccsv6/tools/compiler/ti-cgt-msp430_4.4.6/lib" -i"/Applications/ti/ccsv6/tools/compiler/ti-cgt-msp430_4.4.6/include" --reread_libs --warn_sections --display_error_number --diag_wrap=off --xml_link_info="lab3_completeCcode_linkInfo.xml" --use_hw_mpy=F5 --rom_model -o "lab3_completeCcode.out" "./main.obj" "../lnk_msp430f5529.cmd"  -l"libmath.a" -l"libc.a" 
<Linking>

 undefined first referenced
  symbol       in file     
 --------- ----------------
 IE2       ./main.obj      
 P2SEL     ./main.obj      
 UCA0BR0   ./main.obj      
 UCA0BR1   ./main.obj      
 UCA0CTL0  ./main.obj      
 UCA0CTL1  ./main.obj      

error #10234-D: unresolved symbols remain
error #10010: errors encountered during linking; "lab3_completeCcode.out" not built
remark #10371-D: (ULP 1.1) Detected no uses of low power mode state changing instructions
remark #10372-D: (ULP 4.1) Detected uninitialized Port 1 in this project. Recommend initializing all unused ports to eliminate wasted current consumption on unused pins.
remark #10372-D: (ULP 4.1) Detected uninitialized Port 3 in this project. Recommend initializing all unused ports to eliminate wasted current consumption on unused pins.
remark #10372-D: (ULP 4.1) Detected uninitialized Port 4 in this project. Recommend initializing all unused ports to eliminate wasted current consumption on unused pins.
remark #10372-D: (ULP 4.1) Detected uninitialized Port 5 in this project. Recommend initializing all unused ports to eliminate wasted current consumption on unused pins.
remark #10372-D: (ULP 4.1) Detected uninitialized Port 6 in this project. Recommend initializing all unused ports to eliminate wasted current consumption on unused pins.
remark #10372-D: (ULP 4.1) Detected uninitialized Port 7 in this project. Recommend initializing all unused ports to eliminate wasted current consumption on unused pins.
remark #10372-D: (ULP 4.1) Detected uninitialized Port 8 in this project. Recommend initializing all unused ports to eliminate wasted current consumption on unused pins.
remark #10372-D: (ULP 4.1) Detected uninitialized Port 9 in this project. Recommend initializing all unused ports to eliminate wasted current consumption on unused pins.
remark #10372-D: (ULP 4.1) Detected uninitialized Port 10 in this project. Recommend initializing all unused ports to eliminate wasted current consumption on unused pins.
remark #10372-D: (ULP 4.1) Detected uninitialized Port A in this project. Recommend initializing all unused ports to eliminate wasted current consumption on unused pins.
remark #10372-D: (ULP 4.1) Detected uninitialized Port B in this project. Recommend initializing all unused ports to eliminate wasted current consumption on unused pins.
gmake: *** [lab3_completeCcode.out] Error 1

>> Compilation failure
makefile:136: recipe for target 'lab3_completeCcode.out' failed
gmake: Target 'all' not remade because of errors.

**** Build Finished ****
