
**** Build of configuration Debug for project Part2_UnderstandingMSP430 ****

/Applications/ti/ccsv6/utils/bin/gmake -k all 
Building target: Part2_UnderstandingMSP430.out
Invoking: MSP430 Linker
"/Applications/ti/ccsv6/tools/compiler/ti-cgt-msp430_4.4.6/bin/cl430" -vmspx --abi=eabi --data_model=restricted --use_hw_mpy=F5 --advice:power=all -g --define=__MSP430F5529__ --diag_warning=225 --display_error_number --diag_wrap=off --silicon_errata=CPU21 --silicon_errata=CPU22 --silicon_errata=CPU23 --silicon_errata=CPU40 --printf_support=minimal -z -m"Part2_UnderstandingMSP430.map" --heap_size=160 --stack_size=160 --cinit_hold_wdt=on -i"/Applications/ti/ccsv6/ccs_base/msp430/include" -i"/Applications/ti/ccsv6/ccs_base/msp430/lib/5xx_6xx_FRxx" -i"/Applications/ti/ccsv6/tools/compiler/ti-cgt-msp430_4.4.6/lib" -i"/Applications/ti/ccsv6/tools/compiler/ti-cgt-msp430_4.4.6/include" --reread_libs --warn_sections --display_error_number --diag_wrap=off --xml_link_info="Part2_UnderstandingMSP430_linkInfo.xml" --use_hw_mpy=F5 --rom_model -o "Part2_UnderstandingMSP430.out" "./main.obj" "./template.obj" "../lnk_msp430f5529.cmd"  -l"libmath.a" -l"libc.a" 
<Linking>
error #10056: symbol "__TI_int47" redefined: first defined in "./main.obj"; redefined in "./template.obj"
error #10056: symbol "__TI_int53" redefined: first defined in "./main.obj"; redefined in "./template.obj"
error #10056: symbol "Port_1" redefined: first defined in "./main.obj"; redefined in "./template.obj"
error #10056: symbol "main" redefined: first defined in "./main.obj"; redefined in "./template.obj"
error #10056: symbol "Timer_A0" redefined: first defined in "./main.obj"; redefined in "./template.obj"
error #10010: errors encountered during linking; "Part2_UnderstandingMSP430.out" not built
remark #10372-D: (ULP 4.1) Detected uninitialized Port B in this project. Recommend initializing all unused ports to eliminate wasted current consumption on unused pins.
remark #10372-D: (ULP 4.1) Detected uninitialized Port C in this project. Recommend initializing all unused ports to eliminate wasted current consumption on unused pins.
remark #10372-D: (ULP 4.1) Detected uninitialized Port D in this project. Recommend initializing all unused ports to eliminate wasted current consumption on unused pins.

>> Compilation failure
makefile:137: recipe for target 'Part2_UnderstandingMSP430.out' failed
gmake: *** [Part2_UnderstandingMSP430.out] Error 1
gmake: Target 'all' not remade because of errors.

**** Build Finished ****
